<?xml version="1.0" encoding="UTF-8"?>
<coverage generated="1625037879747" clover="3.2.0">
  <project timestamp="1625037879748" name="All files">
    <metrics statements="31" coveredstatements="21" conditionals="5" coveredconditionals="3" methods="15" coveredmethods="7" elements="51" coveredelements="31" complexity="0" loc="31" ncloc="31" packages="1" files="2" classes="2"/>
    <file name="adaptor.ts" path="/home/mfahad/bykea/Projects/queue-adaptor/src/configrations/adaptor.ts">
      <metrics statements="3" coveredstatements="1" conditionals="0" coveredconditionals="0" methods="5" coveredmethods="1"/>
      <line num="5" count="1" type="stmt"/>
      <line num="12" count="0" type="stmt"/>
      <line num="15" count="0" type="stmt"/>
    </file>
    <file name="kafka.ts" path="/home/mfahad/bykea/Projects/queue-adaptor/src/configrations/kafka.ts">
      <metrics statements="28" coveredstatements="20" conditionals="5" coveredconditionals="3" methods="10" coveredmethods="6"/>
      <line num="1" count="1" type="stmt"/>
      <line num="2" count="1" type="stmt"/>
      <line num="9" count="2" type="stmt"/>
      <line num="12" count="1" type="stmt"/>
      <line num="14" count="1" type="stmt"/>
      <line num="15" count="1" type="cond" truecount="0" falsecount="1"/>
      <line num="17" count="1" type="stmt"/>
      <line num="22" count="6" type="stmt"/>
      <line num="26" count="6" type="cond" truecount="1" falsecount="1"/>
      <line num="27" count="6" type="stmt"/>
      <line num="30" count="6" type="stmt"/>
      <line num="35" count="4" type="stmt"/>
      <line num="42" count="2" type="cond" truecount="2" falsecount="0"/>
      <line num="43" count="1" type="stmt"/>
      <line num="45" count="1" type="stmt"/>
      <line num="48" count="2" type="stmt"/>
      <line num="50" count="2" type="stmt"/>
      <line num="52" count="2" type="stmt"/>
      <line num="54" count="2" type="stmt"/>
      <line num="59" count="2" type="stmt"/>
      <line num="62" count="0" type="stmt"/>
      <line num="67" count="0" type="stmt"/>
      <line num="69" count="0" type="stmt"/>
      <line num="70" count="0" type="stmt"/>
      <line num="72" count="0" type="stmt"/>
      <line num="73" count="0" type="stmt"/>
      <line num="74" count="0" type="stmt"/>
      <line num="75" count="0" type="stmt"/>
    </file>
  </project>
</coverage>
