{"/home/mfahad/bykea/Projects/queue-adaptor/src/configrations/adaptor.ts": {"path":"/home/mfahad/bykea/Projects/queue-adaptor/src/configrations/adaptor.ts","statementMap":{"0":{"start":{"line":12,"column":88},"end":{"line":12,"column":null}},"1":{"start":{"line":15,"column":4},"end":{"line":15,"column":null}},"2":{"start":{"line":5,"column":0},"end":{"line":5,"column":21}}},"fnMap":{"0":{"name":"(anonymous_7)","decl":{"start":{"line":7,"column":2},"end":{"line":7,"column":null}},"loc":{"start":{"line":7,"column":2},"end":{"line":10,"column":3}}},"1":{"name":"(anonymous_8)","decl":{"start":{"line":12,"column":8},"end":{"line":12,"column":15}},"loc":{"start":{"line":12,"column":84},"end":{"line":12,"column":null}}},"2":{"name":"(anonymous_9)","decl":{"start":{"line":12,"column":88},"end":{"line":12,"column":89}},"loc":{"start":{"line":12,"column":88},"end":{"line":12,"column":89}}},"3":{"name":"(anonymous_10)","decl":{"start":{"line":13,"column":8},"end":{"line":13,"column":15}},"loc":{"start":{"line":13,"column":29},"end":{"line":16,"column":null}}},"4":{"name":"(anonymous_12)","decl":{"start":{"line":15,"column":23},"end":{"line":15,"column":24}},"loc":{"start":{"line":15,"column":43},"end":{"line":15,"column":47}}}},"branchMap":{},"s":{"0":0,"1":0,"2":1},"f":{"0":1,"1":0,"2":0,"3":0,"4":0},"b":{}}
,"/home/mfahad/bykea/Projects/queue-adaptor/src/configrations/kafka.ts": {"path":"/home/mfahad/bykea/Projects/queue-adaptor/src/configrations/kafka.ts","statementMap":{"0":{"start":{"line":1,"column":0},"end":{"line":1,"column":56}},"1":{"start":{"line":2,"column":0},"end":{"line":2,"column":53}},"2":{"start":{"line":9,"column":2},"end":{"line":9,"column":36}},"3":{"start":{"line":17,"column":4},"end":{"line":17,"column":12}},"4":{"start":{"line":14,"column":12},"end":{"line":14,"column":33}},"5":{"start":{"line":15,"column":12},"end":{"line":15,"column":28}},"6":{"start":{"line":22,"column":53},"end":{"line":24,"column":null}},"7":{"start":{"line":26,"column":4},"end":{"line":28,"column":null}},"8":{"start":{"line":27,"column":6},"end":{"line":27,"column":24}},"9":{"start":{"line":30,"column":4},"end":{"line":30,"column":19}},"10":{"start":{"line":35,"column":4},"end":{"line":35,"column":64}},"11":{"start":{"line":35,"column":35},"end":{"line":35,"column":62}},"12":{"start":{"line":42,"column":4},"end":{"line":46,"column":null}},"13":{"start":{"line":43,"column":6},"end":{"line":43,"column":38}},"14":{"start":{"line":45,"column":6},"end":{"line":45,"column":40}},"15":{"start":{"line":48,"column":4},"end":{"line":63,"column":null}},"16":{"start":{"line":50,"column":23},"end":{"line":50,"column":45}},"17":{"start":{"line":52,"column":6},"end":{"line":52,"column":31}},"18":{"start":{"line":54,"column":6},"end":{"line":57,"column":9}},"19":{"start":{"line":59,"column":6},"end":{"line":59,"column":34}},"20":{"start":{"line":62,"column":6},"end":{"line":62,"column":26}},"21":{"start":{"line":67,"column":21},"end":{"line":67,"column":76}},"22":{"start":{"line":69,"column":4},"end":{"line":69,"column":null}},"23":{"start":{"line":70,"column":4},"end":{"line":70,"column":null}},"24":{"start":{"line":72,"column":4},"end":{"line":78,"column":null}},"25":{"start":{"line":73,"column":6},"end":{"line":77,"column":null}},"26":{"start":{"line":74,"column":43},"end":{"line":76,"column":null}},"27":{"start":{"line":75,"column":10},"end":{"line":75,"column":28}},"28":{"start":{"line":12,"column":0},"end":{"line":12,"column":21}}},"fnMap":{"0":{"name":"isArray","decl":{"start":{"line":8,"column":9},"end":{"line":8,"column":16}},"loc":{"start":{"line":8,"column":41},"end":{"line":10,"column":1}}},"1":{"name":"(anonymous_8)","decl":{"start":{"line":13,"column":2},"end":{"line":13,"column":null}},"loc":{"start":{"line":15,"column":78},"end":{"line":18,"column":3}}},"2":{"name":"(anonymous_9)","decl":{"start":{"line":20,"column":2},"end":{"line":20,"column":15}},"loc":{"start":{"line":20,"column":53},"end":{"line":31,"column":3}}},"3":{"name":"(anonymous_10)","decl":{"start":{"line":33,"column":2},"end":{"line":33,"column":15}},"loc":{"start":{"line":33,"column":49},"end":{"line":36,"column":3}}},"4":{"name":"(anonymous_11)","decl":{"start":{"line":35,"column":24},"end":{"line":35,"column":31}},"loc":{"start":{"line":35,"column":35},"end":{"line":35,"column":62}}},"5":{"name":"(anonymous_12)","decl":{"start":{"line":39,"column":8},"end":{"line":39,"column":15}},"loc":{"start":{"line":39,"column":84},"end":{"line":64,"column":null}}},"6":{"name":"(anonymous_14)","decl":{"start":{"line":66,"column":8},"end":{"line":66,"column":15}},"loc":{"start":{"line":66,"column":29},"end":{"line":79,"column":null}}},"7":{"name":"(anonymous_16)","decl":{"start":{"line":72,"column":11},"end":{"line":72,"column":12}},"loc":{"start":{"line":72,"column":51},"end":{"line":78,"column":5}}},"8":{"name":"(anonymous_17)","decl":{"start":{"line":74,"column":21},"end":{"line":74,"column":28}},"loc":{"start":{"line":74,"column":43},"end":{"line":76,"column":null}}},"9":{"name":"(anonymous_18)","decl":{"start":{"line":74,"column":43},"end":{"line":74,"column":null}},"loc":{"start":{"line":74,"column":43},"end":{"line":76,"column":9}}}},"branchMap":{"0":{"loc":{"start":{"line":15,"column":28},"end":{"line":15,"column":78}},"type":"default-arg","locations":[{"start":{"line":15,"column":28},"end":{"line":15,"column":78}}]},"1":{"loc":{"start":{"line":26,"column":4},"end":{"line":28,"column":null}},"type":"if","locations":[{"start":{"line":26,"column":4},"end":{"line":28,"column":null}},{"start":{"line":26,"column":4},"end":{"line":28,"column":null}}]},"2":{"loc":{"start":{"line":42,"column":4},"end":{"line":46,"column":null}},"type":"if","locations":[{"start":{"line":42,"column":4},"end":{"line":46,"column":null}},{"start":{"line":42,"column":4},"end":{"line":46,"column":null}}]}},"s":{"0":1,"1":1,"2":2,"3":1,"4":1,"5":1,"6":6,"7":6,"8":6,"9":6,"10":2,"11":4,"12":2,"13":1,"14":1,"15":2,"16":2,"17":2,"18":2,"19":2,"20":0,"21":0,"22":0,"23":0,"24":0,"25":0,"26":0,"27":0,"28":1},"f":{"0":2,"1":1,"2":6,"3":2,"4":4,"5":2,"6":0,"7":0,"8":0,"9":0},"b":{"0":[0],"1":[6,0],"2":[1,1]}}
}
