TN:
SF:src/configrations/adaptor.ts
FN:7,(anonymous_7)
FN:12,(anonymous_8)
FN:12,(anonymous_9)
FN:13,(anonymous_10)
FN:15,(anonymous_12)
FNF:5
FNH:1
FNDA:1,(anonymous_7)
FNDA:0,(anonymous_8)
FNDA:0,(anonymous_9)
FNDA:0,(anonymous_10)
FNDA:0,(anonymous_12)
DA:5,1
DA:12,0
DA:15,0
LF:3
LH:1
BRF:0
BRH:0
end_of_record
TN:
SF:src/configrations/kafka.ts
FN:8,isArray
FN:13,(anonymous_8)
FN:20,(anonymous_9)
FN:33,(anonymous_10)
FN:35,(anonymous_11)
FN:39,(anonymous_12)
FN:66,(anonymous_14)
FN:72,(anonymous_16)
FN:74,(anonymous_17)
FN:74,(anonymous_18)
FNF:10
FNH:6
FNDA:2,isArray
FNDA:1,(anonymous_8)
FNDA:6,(anonymous_9)
FNDA:2,(anonymous_10)
FNDA:4,(anonymous_11)
FNDA:2,(anonymous_12)
FNDA:0,(anonymous_14)
FNDA:0,(anonymous_16)
FNDA:0,(anonymous_17)
FNDA:0,(anonymous_18)
DA:1,1
DA:2,1
DA:9,2
DA:12,1
DA:14,1
DA:15,1
DA:17,1
DA:22,6
DA:26,6
DA:27,6
DA:30,6
DA:35,4
DA:42,2
DA:43,1
DA:45,1
DA:48,2
DA:50,2
DA:52,2
DA:54,2
DA:59,2
DA:62,0
DA:67,0
DA:69,0
DA:70,0
DA:72,0
DA:73,0
DA:74,0
DA:75,0
LF:28
LH:20
BRDA:15,0,0,0
BRDA:26,1,0,6
BRDA:26,1,1,0
BRDA:42,2,0,1
BRDA:42,2,1,1
BRF:5
BRH:3
end_of_record
